<?xml version="1.0" encoding="UTF-8"?>
<coverage generated="1658324429442" clover="3.2.0">
  <project timestamp="1658324429442" name="All files">
    <metrics statements="33" coveredstatements="33" conditionals="0" coveredconditionals="0" methods="8" coveredmethods="8" elements="41" coveredelements="41" complexity="0" loc="33" ncloc="33" packages="1" files="3" classes="3"/>
    <file name="products.js" path="C:\Users\martins\Source\logbook_tasks\OOPv2\src\routes\products.js">
      <metrics statements="12" coveredstatements="12" conditionals="0" coveredconditionals="0" methods="3" coveredmethods="3"/>
      <line num="1" count="1" type="stmt"/>
      <line num="2" count="1" type="stmt"/>
      <line num="4" count="1" type="stmt"/>
      <line num="27" count="1" type="stmt"/>
      <line num="28" count="1" type="stmt"/>
      <line num="32" count="2" type="stmt"/>
      <line num="33" count="3" type="stmt"/>
      <line num="34" count="2" type="stmt"/>
      <line num="35" count="2" type="stmt"/>
      <line num="39" count="1" type="stmt"/>
      <line num="42" count="1" type="stmt"/>
      <line num="44" count="1" type="stmt"/>
    </file>
    <file name="rfid.js" path="C:\Users\martins\Source\logbook_tasks\OOPv2\src\routes\rfid.js">
      <metrics statements="9" coveredstatements="9" conditionals="0" coveredconditionals="0" methods="2" coveredmethods="2"/>
      <line num="1" count="1" type="stmt"/>
      <line num="2" count="1" type="stmt"/>
      <line num="8" count="1" type="stmt"/>
      <line num="9" count="1" type="stmt"/>
      <line num="15" count="1" type="stmt"/>
      <line num="18" count="1" type="stmt"/>
      <line num="21" count="1" type="stmt"/>
      <line num="23" count="1" type="stmt"/>
      <line num="25" count="1" type="stmt"/>
    </file>
    <file name="stockevents.js" path="C:\Users\martins\Source\logbook_tasks\OOPv2\src\routes\stockevents.js">
      <metrics statements="12" coveredstatements="12" conditionals="0" coveredconditionals="0" methods="3" coveredmethods="3"/>
      <line num="1" count="1" type="stmt"/>
      <line num="2" count="1" type="stmt"/>
      <line num="4" count="1" type="stmt"/>
      <line num="41" count="1" type="stmt"/>
      <line num="42" count="1" type="stmt"/>
      <line num="46" count="2" type="stmt"/>
      <line num="47" count="3" type="stmt"/>
      <line num="48" count="2" type="stmt"/>
      <line num="49" count="2" type="stmt"/>
      <line num="53" count="1" type="stmt"/>
      <line num="56" count="1" type="stmt"/>
      <line num="58" count="1" type="stmt"/>
    </file>
  </project>
</coverage>
