{"C:\\Users\\martins\\Source\\logbook_tasks\\OOPv2\\src\\routes\\products.js": {"path":"C:\\Users\\martins\\Source\\logbook_tasks\\OOPv2\\src\\routes\\products.js","statementMap":{"0":{"start":{"line":1,"column":16},"end":{"line":1,"column":34}},"1":{"start":{"line":2,"column":15},"end":{"line":2,"column":31}},"2":{"start":{"line":4,"column":22},"end":{"line":24,"column":1}},"3":{"start":{"line":27,"column":4},"end":{"line":27,"column":28}},"4":{"start":{"line":28,"column":4},"end":{"line":28,"column":31}},"5":{"start":{"line":32,"column":15},"end":{"line":32,"column":28}},"6":{"start":{"line":33,"column":20},"end":{"line":33,"column":74}},"7":{"start":{"line":33,"column":56},"end":{"line":33,"column":73}},"8":{"start":{"line":34,"column":4},"end":{"line":34,"column":21}},"9":{"start":{"line":35,"column":4},"end":{"line":35,"column":55}},"10":{"start":{"line":39,"column":0},"end":{"line":39,"column":29}},"11":{"start":{"line":42,"column":0},"end":{"line":42,"column":39}},"12":{"start":{"line":44,"column":0},"end":{"line":44,"column":54}}},"fnMap":{"0":{"name":"getProducts","decl":{"start":{"line":26,"column":9},"end":{"line":26,"column":20}},"loc":{"start":{"line":26,"column":31},"end":{"line":29,"column":1}},"line":26},"1":{"name":"getProductID","decl":{"start":{"line":31,"column":9},"end":{"line":31,"column":21}},"loc":{"start":{"line":31,"column":32},"end":{"line":36,"column":1}},"line":31},"2":{"name":"(anonymous_2)","decl":{"start":{"line":33,"column":45},"end":{"line":33,"column":46}},"loc":{"start":{"line":33,"column":56},"end":{"line":33,"column":73}},"line":33}},"branchMap":{},"s":{"0":1,"1":1,"2":1,"3":1,"4":1,"5":2,"6":2,"7":3,"8":2,"9":2,"10":1,"11":1,"12":1},"f":{"0":1,"1":2,"2":3},"b":{},"_coverageSchema":"1a1c01bbd47fc00a2c39e90264f33305004495a9","hash":"dbb2e457b91bd2f5a783d2b066e68a8e535193c1"}
,"C:\\Users\\martins\\Source\\logbook_tasks\\OOPv2\\src\\routes\\rfid.js": {"path":"C:\\Users\\martins\\Source\\logbook_tasks\\OOPv2\\src\\routes\\rfid.js","statementMap":{"0":{"start":{"line":1,"column":16},"end":{"line":1,"column":34}},"1":{"start":{"line":2,"column":15},"end":{"line":2,"column":31}},"2":{"start":{"line":8,"column":4},"end":{"line":8,"column":33}},"3":{"start":{"line":9,"column":4},"end":{"line":9,"column":40}},"4":{"start":{"line":15,"column":4},"end":{"line":15,"column":26}},"5":{"start":{"line":18,"column":4},"end":{"line":18,"column":27}},"6":{"start":{"line":21,"column":0},"end":{"line":21,"column":33}},"7":{"start":{"line":23,"column":0},"end":{"line":23,"column":35}},"8":{"start":{"line":25,"column":0},"end":{"line":25,"column":59}}},"fnMap":{"0":{"name":"rfidGetHandler","decl":{"start":{"line":6,"column":9},"end":{"line":6,"column":23}},"loc":{"start":{"line":6,"column":34},"end":{"line":10,"column":1}},"line":6},"1":{"name":"rfidPostHandler","decl":{"start":{"line":12,"column":9},"end":{"line":12,"column":24}},"loc":{"start":{"line":12,"column":35},"end":{"line":19,"column":1}},"line":12}},"branchMap":{},"s":{"0":1,"1":1,"2":1,"3":1,"4":1,"5":1,"6":1,"7":1,"8":1},"f":{"0":1,"1":1},"b":{},"_coverageSchema":"1a1c01bbd47fc00a2c39e90264f33305004495a9","hash":"715e74219fa38a3703b5cda9522451e29fb60f3b"}
,"C:\\Users\\martins\\Source\\logbook_tasks\\OOPv2\\src\\routes\\stockevents.js": {"path":"C:\\Users\\martins\\Source\\logbook_tasks\\OOPv2\\src\\routes\\stockevents.js","statementMap":{"0":{"start":{"line":1,"column":16},"end":{"line":1,"column":34}},"1":{"start":{"line":2,"column":15},"end":{"line":2,"column":31}},"2":{"start":{"line":4,"column":26},"end":{"line":38,"column":1}},"3":{"start":{"line":41,"column":4},"end":{"line":41,"column":31}},"4":{"start":{"line":42,"column":4},"end":{"line":42,"column":35}},"5":{"start":{"line":46,"column":15},"end":{"line":46,"column":28}},"6":{"start":{"line":47,"column":23},"end":{"line":47,"column":86}},"7":{"start":{"line":47,"column":65},"end":{"line":47,"column":85}},"8":{"start":{"line":48,"column":4},"end":{"line":48,"column":24}},"9":{"start":{"line":49,"column":4},"end":{"line":49,"column":59}},"10":{"start":{"line":53,"column":0},"end":{"line":53,"column":32}},"11":{"start":{"line":56,"column":0},"end":{"line":56,"column":42}},"12":{"start":{"line":58,"column":0},"end":{"line":58,"column":59}}},"fnMap":{"0":{"name":"getStockEvents","decl":{"start":{"line":40,"column":9},"end":{"line":40,"column":23}},"loc":{"start":{"line":40,"column":34},"end":{"line":43,"column":1}},"line":40},"1":{"name":"getStockEventID","decl":{"start":{"line":45,"column":9},"end":{"line":45,"column":24}},"loc":{"start":{"line":45,"column":35},"end":{"line":50,"column":1}},"line":45},"2":{"name":"(anonymous_2)","decl":{"start":{"line":47,"column":51},"end":{"line":47,"column":52}},"loc":{"start":{"line":47,"column":65},"end":{"line":47,"column":85}},"line":47}},"branchMap":{},"s":{"0":1,"1":1,"2":1,"3":1,"4":1,"5":2,"6":2,"7":3,"8":2,"9":2,"10":1,"11":1,"12":1},"f":{"0":1,"1":2,"2":3},"b":{},"_coverageSchema":"1a1c01bbd47fc00a2c39e90264f33305004495a9","hash":"c760e52954a894dc0c7d8cf03ccb0a5af6ef7677"}
}
