TN:
SF:src\routes\products.js
FN:26,getProducts
FN:31,getProductID
FN:33,(anonymous_2)
FNF:3
FNH:3
FNDA:1,getProducts
FNDA:2,getProductID
FNDA:3,(anonymous_2)
DA:1,1
DA:2,1
DA:4,1
DA:27,1
DA:28,1
DA:32,2
DA:33,3
DA:34,2
DA:35,2
DA:39,1
DA:42,1
DA:44,1
LF:12
LH:12
BRF:0
BRH:0
end_of_record
TN:
SF:src\routes\rfid.js
FN:6,rfidGetHandler
FN:12,rfidPostHandler
FNF:2
FNH:2
FNDA:1,rfidGetHandler
FNDA:1,rfidPostHandler
DA:1,1
DA:2,1
DA:8,1
DA:9,1
DA:15,1
DA:18,1
DA:21,1
DA:23,1
DA:25,1
LF:9
LH:9
BRF:0
BRH:0
end_of_record
TN:
SF:src\routes\stockevents.js
FN:40,getStockEvents
FN:45,getStockEventID
FN:47,(anonymous_2)
FNF:3
FNH:3
FNDA:1,getStockEvents
FNDA:2,getStockEventID
FNDA:3,(anonymous_2)
DA:1,1
DA:2,1
DA:4,1
DA:41,1
DA:42,1
DA:46,2
DA:47,3
DA:48,2
DA:49,2
DA:53,1
DA:56,1
DA:58,1
LF:12
LH:12
BRF:0
BRH:0
end_of_record
